{"level":"info","message":"Database connection established","service":"aegisum-api","timestamp":"2025-06-14 16:17:24"}
{"level":"info","message":"Running migration 1: create_users_table","service":"aegisum-api","timestamp":"2025-06-14 16:17:24"}
{"level":"info","message":"Migration 1 completed successfully","service":"aegisum-api","timestamp":"2025-06-14 16:17:24"}
{"level":"info","message":"Running migration 2: create_user_tokens_table","service":"aegisum-api","timestamp":"2025-06-14 16:17:24"}
{"level":"info","message":"Migration 2 completed successfully","service":"aegisum-api","timestamp":"2025-06-14 16:17:24"}
{"level":"info","message":"Running migration 3: create_mining_blocks_table","service":"aegisum-api","timestamp":"2025-06-14 16:17:24"}
{"level":"info","message":"Migration 3 completed successfully","service":"aegisum-api","timestamp":"2025-06-14 16:17:24"}
{"level":"info","message":"Running migration 4: create_active_mining_table","service":"aegisum-api","timestamp":"2025-06-14 16:17:24"}
{"level":"info","message":"Migration 4 completed successfully","service":"aegisum-api","timestamp":"2025-06-14 16:17:24"}
{"level":"info","message":"Running migration 5: create_upgrades_table","service":"aegisum-api","timestamp":"2025-06-14 16:17:24"}
{"level":"info","message":"Migration 5 completed successfully","service":"aegisum-api","timestamp":"2025-06-14 16:17:24"}
{"level":"info","message":"Running migration 6: create_user_upgrades_table","service":"aegisum-api","timestamp":"2025-06-14 16:17:24"}
{"level":"info","message":"Migration 6 completed successfully","service":"aegisum-api","timestamp":"2025-06-14 16:17:24"}
{"level":"info","message":"Running migration 7: create_energy_refills_table","service":"aegisum-api","timestamp":"2025-06-14 16:17:24"}
{"level":"info","message":"Migration 7 completed successfully","service":"aegisum-api","timestamp":"2025-06-14 16:17:24"}
{"level":"info","message":"Running migration 8: create_ton_transactions_table","service":"aegisum-api","timestamp":"2025-06-14 16:17:24"}
{"level":"info","message":"Migration 8 completed successfully","service":"aegisum-api","timestamp":"2025-06-14 16:17:24"}
{"level":"info","message":"Running migration 9: create_referrals_table","service":"aegisum-api","timestamp":"2025-06-14 16:17:24"}
{"level":"info","message":"Migration 9 completed successfully","service":"aegisum-api","timestamp":"2025-06-14 16:17:24"}
{"level":"info","message":"Running migration 10: create_system_config_table","service":"aegisum-api","timestamp":"2025-06-14 16:17:24"}
{"level":"info","message":"Migration 10 completed successfully","service":"aegisum-api","timestamp":"2025-06-14 16:17:24"}
{"level":"info","message":"Database connection established","service":"aegisum-api","timestamp":"2025-06-14 16:17:25"}
{"level":"info","message":"Admin user created with Telegram ID: 1651155083","service":"aegisum-api","timestamp":"2025-06-14 16:17:25"}
{"level":"info","message":"Upgrade created: Basic Miner Upgrade","service":"aegisum-api","timestamp":"2025-06-14 16:17:25"}
{"level":"info","message":"Upgrade created: Advanced Miner Upgrade","service":"aegisum-api","timestamp":"2025-06-14 16:17:25"}
{"level":"info","message":"Upgrade created: Energy Capacity Boost","service":"aegisum-api","timestamp":"2025-06-14 16:17:25"}
{"level":"info","message":"Upgrade created: Energy Regeneration Boost","service":"aegisum-api","timestamp":"2025-06-14 16:17:25"}
{"level":"info","message":"Telegram bot initialized successfully","service":"aegisum-api","timestamp":"2025-06-14 16:17:27"}
{"level":"info","message":"Database connection established","service":"aegisum-api","timestamp":"2025-06-14 16:17:27"}
{"level":"info","message":"Database initialized","service":"aegisum-api","timestamp":"2025-06-14 16:17:27"}
{"level":"info","message":"Redis connections established","service":"aegisum-api","timestamp":"2025-06-14 16:17:27"}
{"level":"info","message":"Redis initialized","service":"aegisum-api","timestamp":"2025-06-14 16:17:27"}
{"level":"info","message":"Loaded 0 active miners","service":"aegisum-api","timestamp":"2025-06-14 16:17:27"}
{"level":"info","message":"Mining service initialized","service":"aegisum-api","timestamp":"2025-06-14 16:17:27"}
{"level":"info","message":"Mining service initialized","service":"aegisum-api","timestamp":"2025-06-14 16:17:27"}
{"address":"0.0.0.0","code":"EADDRINUSE","errno":-98,"level":"error","message":"Uncaught Exception: listen EADDRINUSE: address already in use 0.0.0.0:3001","port":3001,"service":"aegisum-api","stack":"Error: listen EADDRINUSE: address already in use 0.0.0.0:3001\n    at Server.setupListenHandle [as _listen2] (node:net:1908:16)\n    at listenInCluster (node:net:1965:12)\n    at doListen (node:net:2139:7)\n    at process.processTicksAndRejections (node:internal/process/task_queues:83:21)","syscall":"listen","timestamp":"2025-06-14 16:17:27"}
{"level":"info","message":"Received UNCAUGHT_EXCEPTION. Starting graceful shutdown...","service":"aegisum-api","timestamp":"2025-06-14 16:17:27"}
{"level":"info","message":"HTTP server closed","service":"aegisum-api","timestamp":"2025-06-14 16:17:27"}
{"level":"info","message":"Database connection closed","service":"aegisum-api","timestamp":"2025-06-14 16:17:27"}
{"level":"info","message":"Database connections closed","service":"aegisum-api","timestamp":"2025-06-14 16:17:27"}
{"level":"warn","message":"Redis client connection closed","service":"aegisum-api","timestamp":"2025-06-14 16:17:27"}
{"level":"info","message":"Redis connections closed","service":"aegisum-api","timestamp":"2025-06-14 16:17:27"}
{"level":"info","message":"Telegram bot initialized successfully","service":"aegisum-api","timestamp":"2025-06-14 16:17:29"}
{"level":"info","message":"Database connection established","service":"aegisum-api","timestamp":"2025-06-14 16:17:29"}
{"level":"info","message":"Database initialized","service":"aegisum-api","timestamp":"2025-06-14 16:17:29"}
{"level":"info","message":"Redis connections established","service":"aegisum-api","timestamp":"2025-06-14 16:17:29"}
{"level":"info","message":"Redis initialized","service":"aegisum-api","timestamp":"2025-06-14 16:17:29"}
{"level":"info","message":"Loaded 0 active miners","service":"aegisum-api","timestamp":"2025-06-14 16:17:29"}
{"level":"info","message":"Mining service initialized","service":"aegisum-api","timestamp":"2025-06-14 16:17:29"}
{"level":"info","message":"Mining service initialized","service":"aegisum-api","timestamp":"2025-06-14 16:17:29"}
{"address":"0.0.0.0","code":"EADDRINUSE","errno":-98,"level":"error","message":"Uncaught Exception: listen EADDRINUSE: address already in use 0.0.0.0:3001","port":3001,"service":"aegisum-api","stack":"Error: listen EADDRINUSE: address already in use 0.0.0.0:3001\n    at Server.setupListenHandle [as _listen2] (node:net:1908:16)\n    at listenInCluster (node:net:1965:12)\n    at doListen (node:net:2139:7)\n    at process.processTicksAndRejections (node:internal/process/task_queues:83:21)","syscall":"listen","timestamp":"2025-06-14 16:17:29"}
{"level":"info","message":"Received UNCAUGHT_EXCEPTION. Starting graceful shutdown...","service":"aegisum-api","timestamp":"2025-06-14 16:17:29"}
{"level":"info","message":"HTTP server closed","service":"aegisum-api","timestamp":"2025-06-14 16:17:29"}
{"level":"info","message":"Database connection closed","service":"aegisum-api","timestamp":"2025-06-14 16:17:29"}
{"level":"info","message":"Database connections closed","service":"aegisum-api","timestamp":"2025-06-14 16:17:29"}
{"level":"warn","message":"Redis client connection closed","service":"aegisum-api","timestamp":"2025-06-14 16:17:29"}
{"level":"info","message":"Redis connections closed","service":"aegisum-api","timestamp":"2025-06-14 16:17:29"}
{"level":"info","message":"Telegram bot initialized successfully","service":"aegisum-api","timestamp":"2025-06-14 16:17:31"}
{"level":"info","message":"Database connection established","service":"aegisum-api","timestamp":"2025-06-14 16:17:31"}
{"level":"info","message":"Database initialized","service":"aegisum-api","timestamp":"2025-06-14 16:17:31"}
{"level":"info","message":"Redis connections established","service":"aegisum-api","timestamp":"2025-06-14 16:17:31"}
{"level":"info","message":"Redis initialized","service":"aegisum-api","timestamp":"2025-06-14 16:17:31"}
{"level":"info","message":"Loaded 0 active miners","service":"aegisum-api","timestamp":"2025-06-14 16:17:31"}
{"level":"info","message":"Mining service initialized","service":"aegisum-api","timestamp":"2025-06-14 16:17:31"}
{"level":"info","message":"Mining service initialized","service":"aegisum-api","timestamp":"2025-06-14 16:17:31"}
{"address":"0.0.0.0","code":"EADDRINUSE","errno":-98,"level":"error","message":"Uncaught Exception: listen EADDRINUSE: address already in use 0.0.0.0:3001","port":3001,"service":"aegisum-api","stack":"Error: listen EADDRINUSE: address already in use 0.0.0.0:3001\n    at Server.setupListenHandle [as _listen2] (node:net:1908:16)\n    at listenInCluster (node:net:1965:12)\n    at doListen (node:net:2139:7)\n    at process.processTicksAndRejections (node:internal/process/task_queues:83:21)","syscall":"listen","timestamp":"2025-06-14 16:17:31"}
{"level":"info","message":"Received UNCAUGHT_EXCEPTION. Starting graceful shutdown...","service":"aegisum-api","timestamp":"2025-06-14 16:17:31"}
{"level":"info","message":"HTTP server closed","service":"aegisum-api","timestamp":"2025-06-14 16:17:31"}
{"level":"info","message":"Database connection closed","service":"aegisum-api","timestamp":"2025-06-14 16:17:31"}
{"level":"info","message":"Database connections closed","service":"aegisum-api","timestamp":"2025-06-14 16:17:31"}
{"level":"warn","message":"Redis client connection closed","service":"aegisum-api","timestamp":"2025-06-14 16:17:31"}
{"level":"info","message":"Redis connections closed","service":"aegisum-api","timestamp":"2025-06-14 16:17:31"}
{"level":"info","message":"Telegram bot initialized successfully","service":"aegisum-api","timestamp":"2025-06-14 16:17:34"}
{"level":"info","message":"Database connection established","service":"aegisum-api","timestamp":"2025-06-14 16:17:34"}
{"level":"info","message":"Database initialized","service":"aegisum-api","timestamp":"2025-06-14 16:17:34"}
{"level":"info","message":"Redis connections established","service":"aegisum-api","timestamp":"2025-06-14 16:17:34"}
{"level":"info","message":"Redis initialized","service":"aegisum-api","timestamp":"2025-06-14 16:17:34"}
{"level":"info","message":"Loaded 0 active miners","service":"aegisum-api","timestamp":"2025-06-14 16:17:34"}
{"level":"info","message":"Mining service initialized","service":"aegisum-api","timestamp":"2025-06-14 16:17:34"}
{"level":"info","message":"Mining service initialized","service":"aegisum-api","timestamp":"2025-06-14 16:17:34"}
{"address":"0.0.0.0","code":"EADDRINUSE","errno":-98,"level":"error","message":"Uncaught Exception: listen EADDRINUSE: address already in use 0.0.0.0:3001","port":3001,"service":"aegisum-api","stack":"Error: listen EADDRINUSE: address already in use 0.0.0.0:3001\n    at Server.setupListenHandle [as _listen2] (node:net:1908:16)\n    at listenInCluster (node:net:1965:12)\n    at doListen (node:net:2139:7)\n    at process.processTicksAndRejections (node:internal/process/task_queues:83:21)","syscall":"listen","timestamp":"2025-06-14 16:17:34"}
{"level":"info","message":"Received UNCAUGHT_EXCEPTION. Starting graceful shutdown...","service":"aegisum-api","timestamp":"2025-06-14 16:17:34"}
{"level":"info","message":"HTTP server closed","service":"aegisum-api","timestamp":"2025-06-14 16:17:34"}
{"level":"info","message":"Database connection closed","service":"aegisum-api","timestamp":"2025-06-14 16:17:34"}
{"level":"info","message":"Database connections closed","service":"aegisum-api","timestamp":"2025-06-14 16:17:34"}
{"level":"warn","message":"Redis client connection closed","service":"aegisum-api","timestamp":"2025-06-14 16:17:34"}
{"level":"info","message":"Redis connections closed","service":"aegisum-api","timestamp":"2025-06-14 16:17:34"}
{"level":"info","message":"Telegram bot initialized successfully","service":"aegisum-api","timestamp":"2025-06-14 16:17:36"}
{"level":"info","message":"Database connection established","service":"aegisum-api","timestamp":"2025-06-14 16:17:36"}
{"level":"info","message":"Database initialized","service":"aegisum-api","timestamp":"2025-06-14 16:17:36"}
{"level":"info","message":"Redis connections established","service":"aegisum-api","timestamp":"2025-06-14 16:17:36"}
{"level":"info","message":"Redis initialized","service":"aegisum-api","timestamp":"2025-06-14 16:17:36"}
{"level":"info","message":"Loaded 0 active miners","service":"aegisum-api","timestamp":"2025-06-14 16:17:36"}
{"level":"info","message":"Mining service initialized","service":"aegisum-api","timestamp":"2025-06-14 16:17:36"}
{"level":"info","message":"Mining service initialized","service":"aegisum-api","timestamp":"2025-06-14 16:17:36"}
{"address":"0.0.0.0","code":"EADDRINUSE","errno":-98,"level":"error","message":"Uncaught Exception: listen EADDRINUSE: address already in use 0.0.0.0:3001","port":3001,"service":"aegisum-api","stack":"Error: listen EADDRINUSE: address already in use 0.0.0.0:3001\n    at Server.setupListenHandle [as _listen2] (node:net:1908:16)\n    at listenInCluster (node:net:1965:12)\n    at doListen (node:net:2139:7)\n    at process.processTicksAndRejections (node:internal/process/task_queues:83:21)","syscall":"listen","timestamp":"2025-06-14 16:17:36"}
{"level":"info","message":"Received UNCAUGHT_EXCEPTION. Starting graceful shutdown...","service":"aegisum-api","timestamp":"2025-06-14 16:17:36"}
{"level":"info","message":"HTTP server closed","service":"aegisum-api","timestamp":"2025-06-14 16:17:36"}
{"level":"info","message":"Database connection closed","service":"aegisum-api","timestamp":"2025-06-14 16:17:36"}
{"level":"info","message":"Database connections closed","service":"aegisum-api","timestamp":"2025-06-14 16:17:36"}
{"level":"warn","message":"Redis client connection closed","service":"aegisum-api","timestamp":"2025-06-14 16:17:36"}
{"level":"info","message":"Redis connections closed","service":"aegisum-api","timestamp":"2025-06-14 16:17:36"}
{"level":"info","message":"Telegram bot initialized successfully","service":"aegisum-api","timestamp":"2025-06-14 16:17:38"}
{"level":"info","message":"Database connection established","service":"aegisum-api","timestamp":"2025-06-14 16:17:38"}
{"level":"info","message":"Database initialized","service":"aegisum-api","timestamp":"2025-06-14 16:17:38"}
{"level":"info","message":"Redis connections established","service":"aegisum-api","timestamp":"2025-06-14 16:17:38"}
{"level":"info","message":"Redis initialized","service":"aegisum-api","timestamp":"2025-06-14 16:17:38"}
{"level":"info","message":"Loaded 0 active miners","service":"aegisum-api","timestamp":"2025-06-14 16:17:38"}
{"level":"info","message":"Mining service initialized","service":"aegisum-api","timestamp":"2025-06-14 16:17:38"}
{"level":"info","message":"Mining service initialized","service":"aegisum-api","timestamp":"2025-06-14 16:17:38"}
{"address":"0.0.0.0","code":"EADDRINUSE","errno":-98,"level":"error","message":"Uncaught Exception: listen EADDRINUSE: address already in use 0.0.0.0:3001","port":3001,"service":"aegisum-api","stack":"Error: listen EADDRINUSE: address already in use 0.0.0.0:3001\n    at Server.setupListenHandle [as _listen2] (node:net:1908:16)\n    at listenInCluster (node:net:1965:12)\n    at doListen (node:net:2139:7)\n    at process.processTicksAndRejections (node:internal/process/task_queues:83:21)","syscall":"listen","timestamp":"2025-06-14 16:17:38"}
{"level":"info","message":"Received UNCAUGHT_EXCEPTION. Starting graceful shutdown...","service":"aegisum-api","timestamp":"2025-06-14 16:17:38"}
{"level":"info","message":"HTTP server closed","service":"aegisum-api","timestamp":"2025-06-14 16:17:38"}
{"level":"info","message":"Database connection closed","service":"aegisum-api","timestamp":"2025-06-14 16:17:38"}
{"level":"info","message":"Database connections closed","service":"aegisum-api","timestamp":"2025-06-14 16:17:38"}
{"level":"warn","message":"Redis client connection closed","service":"aegisum-api","timestamp":"2025-06-14 16:17:38"}
{"level":"info","message":"Redis connections closed","service":"aegisum-api","timestamp":"2025-06-14 16:17:38"}
{"level":"info","message":"Telegram bot initialized successfully","service":"aegisum-api","timestamp":"2025-06-14 16:17:40"}
{"level":"info","message":"Database connection established","service":"aegisum-api","timestamp":"2025-06-14 16:17:40"}
{"level":"info","message":"Database initialized","service":"aegisum-api","timestamp":"2025-06-14 16:17:40"}
{"level":"info","message":"Redis connections established","service":"aegisum-api","timestamp":"2025-06-14 16:17:40"}
{"level":"info","message":"Redis initialized","service":"aegisum-api","timestamp":"2025-06-14 16:17:40"}
{"level":"info","message":"Loaded 0 active miners","service":"aegisum-api","timestamp":"2025-06-14 16:17:40"}
{"level":"info","message":"Mining service initialized","service":"aegisum-api","timestamp":"2025-06-14 16:17:40"}
{"level":"info","message":"Mining service initialized","service":"aegisum-api","timestamp":"2025-06-14 16:17:40"}
{"address":"0.0.0.0","code":"EADDRINUSE","errno":-98,"level":"error","message":"Uncaught Exception: listen EADDRINUSE: address already in use 0.0.0.0:3001","port":3001,"service":"aegisum-api","stack":"Error: listen EADDRINUSE: address already in use 0.0.0.0:3001\n    at Server.setupListenHandle [as _listen2] (node:net:1908:16)\n    at listenInCluster (node:net:1965:12)\n    at doListen (node:net:2139:7)\n    at process.processTicksAndRejections (node:internal/process/task_queues:83:21)","syscall":"listen","timestamp":"2025-06-14 16:17:40"}
{"level":"info","message":"Received UNCAUGHT_EXCEPTION. Starting graceful shutdown...","service":"aegisum-api","timestamp":"2025-06-14 16:17:40"}
{"level":"info","message":"HTTP server closed","service":"aegisum-api","timestamp":"2025-06-14 16:17:40"}
{"level":"info","message":"Database connection closed","service":"aegisum-api","timestamp":"2025-06-14 16:17:40"}
{"level":"info","message":"Database connections closed","service":"aegisum-api","timestamp":"2025-06-14 16:17:40"}
{"level":"warn","message":"Redis client connection closed","service":"aegisum-api","timestamp":"2025-06-14 16:17:40"}
{"level":"info","message":"Redis connections closed","service":"aegisum-api","timestamp":"2025-06-14 16:17:40"}
{"level":"info","message":"Telegram bot initialized successfully","service":"aegisum-api","timestamp":"2025-06-14 16:17:43"}
{"level":"info","message":"Database connection established","service":"aegisum-api","timestamp":"2025-06-14 16:17:43"}
{"level":"info","message":"Database initialized","service":"aegisum-api","timestamp":"2025-06-14 16:17:43"}
{"level":"info","message":"Redis connections established","service":"aegisum-api","timestamp":"2025-06-14 16:17:43"}
{"level":"info","message":"Redis initialized","service":"aegisum-api","timestamp":"2025-06-14 16:17:43"}
{"level":"info","message":"Loaded 0 active miners","service":"aegisum-api","timestamp":"2025-06-14 16:17:43"}
{"level":"info","message":"Mining service initialized","service":"aegisum-api","timestamp":"2025-06-14 16:17:43"}
{"level":"info","message":"Mining service initialized","service":"aegisum-api","timestamp":"2025-06-14 16:17:43"}
{"address":"0.0.0.0","code":"EADDRINUSE","errno":-98,"level":"error","message":"Uncaught Exception: listen EADDRINUSE: address already in use 0.0.0.0:3001","port":3001,"service":"aegisum-api","stack":"Error: listen EADDRINUSE: address already in use 0.0.0.0:3001\n    at Server.setupListenHandle [as _listen2] (node:net:1908:16)\n    at listenInCluster (node:net:1965:12)\n    at doListen (node:net:2139:7)\n    at process.processTicksAndRejections (node:internal/process/task_queues:83:21)","syscall":"listen","timestamp":"2025-06-14 16:17:43"}
{"level":"info","message":"Received UNCAUGHT_EXCEPTION. Starting graceful shutdown...","service":"aegisum-api","timestamp":"2025-06-14 16:17:43"}
{"level":"info","message":"HTTP server closed","service":"aegisum-api","timestamp":"2025-06-14 16:17:43"}
{"level":"info","message":"Database connection closed","service":"aegisum-api","timestamp":"2025-06-14 16:17:43"}
{"level":"info","message":"Database connections closed","service":"aegisum-api","timestamp":"2025-06-14 16:17:43"}
{"level":"warn","message":"Redis client connection closed","service":"aegisum-api","timestamp":"2025-06-14 16:17:43"}
{"level":"info","message":"Redis connections closed","service":"aegisum-api","timestamp":"2025-06-14 16:17:43"}
{"level":"info","message":"Telegram bot initialized successfully","service":"aegisum-api","timestamp":"2025-06-14 16:17:45"}
{"level":"info","message":"Database connection established","service":"aegisum-api","timestamp":"2025-06-14 16:17:45"}
{"level":"info","message":"Database initialized","service":"aegisum-api","timestamp":"2025-06-14 16:17:45"}
{"level":"info","message":"Redis connections established","service":"aegisum-api","timestamp":"2025-06-14 16:17:45"}
{"level":"info","message":"Redis initialized","service":"aegisum-api","timestamp":"2025-06-14 16:17:45"}
{"level":"info","message":"Loaded 0 active miners","service":"aegisum-api","timestamp":"2025-06-14 16:17:45"}
{"level":"info","message":"Mining service initialized","service":"aegisum-api","timestamp":"2025-06-14 16:17:45"}
{"level":"info","message":"Mining service initialized","service":"aegisum-api","timestamp":"2025-06-14 16:17:45"}
{"address":"0.0.0.0","code":"EADDRINUSE","errno":-98,"level":"error","message":"Uncaught Exception: listen EADDRINUSE: address already in use 0.0.0.0:3001","port":3001,"service":"aegisum-api","stack":"Error: listen EADDRINUSE: address already in use 0.0.0.0:3001\n    at Server.setupListenHandle [as _listen2] (node:net:1908:16)\n    at listenInCluster (node:net:1965:12)\n    at doListen (node:net:2139:7)\n    at process.processTicksAndRejections (node:internal/process/task_queues:83:21)","syscall":"listen","timestamp":"2025-06-14 16:17:45"}
{"level":"info","message":"Received UNCAUGHT_EXCEPTION. Starting graceful shutdown...","service":"aegisum-api","timestamp":"2025-06-14 16:17:45"}
{"level":"info","message":"HTTP server closed","service":"aegisum-api","timestamp":"2025-06-14 16:17:45"}
{"level":"info","message":"Database connection closed","service":"aegisum-api","timestamp":"2025-06-14 16:17:45"}
{"level":"info","message":"Database connections closed","service":"aegisum-api","timestamp":"2025-06-14 16:17:45"}
{"level":"warn","message":"Redis client connection closed","service":"aegisum-api","timestamp":"2025-06-14 16:17:45"}
{"level":"info","message":"Redis connections closed","service":"aegisum-api","timestamp":"2025-06-14 16:17:45"}
{"level":"info","message":"Telegram bot initialized successfully","service":"aegisum-api","timestamp":"2025-06-14 16:17:47"}
{"level":"info","message":"Database connection established","service":"aegisum-api","timestamp":"2025-06-14 16:17:47"}
{"level":"info","message":"Database initialized","service":"aegisum-api","timestamp":"2025-06-14 16:17:47"}
{"level":"info","message":"Redis connections established","service":"aegisum-api","timestamp":"2025-06-14 16:17:47"}
{"level":"info","message":"Redis initialized","service":"aegisum-api","timestamp":"2025-06-14 16:17:47"}
{"level":"info","message":"Loaded 0 active miners","service":"aegisum-api","timestamp":"2025-06-14 16:17:47"}
{"level":"info","message":"Mining service initialized","service":"aegisum-api","timestamp":"2025-06-14 16:17:47"}
{"level":"info","message":"Mining service initialized","service":"aegisum-api","timestamp":"2025-06-14 16:17:47"}
{"address":"0.0.0.0","code":"EADDRINUSE","errno":-98,"level":"error","message":"Uncaught Exception: listen EADDRINUSE: address already in use 0.0.0.0:3001","port":3001,"service":"aegisum-api","stack":"Error: listen EADDRINUSE: address already in use 0.0.0.0:3001\n    at Server.setupListenHandle [as _listen2] (node:net:1908:16)\n    at listenInCluster (node:net:1965:12)\n    at doListen (node:net:2139:7)\n    at process.processTicksAndRejections (node:internal/process/task_queues:83:21)","syscall":"listen","timestamp":"2025-06-14 16:17:47"}
{"level":"info","message":"Received UNCAUGHT_EXCEPTION. Starting graceful shutdown...","service":"aegisum-api","timestamp":"2025-06-14 16:17:47"}
{"level":"info","message":"HTTP server closed","service":"aegisum-api","timestamp":"2025-06-14 16:17:47"}
{"level":"info","message":"Database connection closed","service":"aegisum-api","timestamp":"2025-06-14 16:17:47"}
{"level":"info","message":"Database connections closed","service":"aegisum-api","timestamp":"2025-06-14 16:17:47"}
{"level":"warn","message":"Redis client connection closed","service":"aegisum-api","timestamp":"2025-06-14 16:17:47"}
{"level":"info","message":"Redis connections closed","service":"aegisum-api","timestamp":"2025-06-14 16:17:47"}
