2025-06-14T16:17:27: {"level":"info","message":"Telegram bot initialized successfully","service":"aegisum-api","timestamp":"2025-06-14 16:17:27"}
2025-06-14T16:17:27: {"level":"info","message":"Database connection established","service":"aegisum-api","timestamp":"2025-06-14 16:17:27"}
2025-06-14T16:17:27: {"level":"info","message":"Database initialized","service":"aegisum-api","timestamp":"2025-06-14 16:17:27"}
2025-06-14T16:17:27: {"level":"info","message":"Redis connections established","service":"aegisum-api","timestamp":"2025-06-14 16:17:27"}
2025-06-14T16:17:27: {"level":"info","message":"Redis initialized","service":"aegisum-api","timestamp":"2025-06-14 16:17:27"}
2025-06-14T16:17:27: {"level":"info","message":"Loaded 0 active miners","service":"aegisum-api","timestamp":"2025-06-14 16:17:27"}
2025-06-14T16:17:27: {"level":"info","message":"Mining service initialized","service":"aegisum-api","timestamp":"2025-06-14 16:17:27"}
2025-06-14T16:17:27: {"level":"info","message":"Mining service initialized","service":"aegisum-api","timestamp":"2025-06-14 16:17:27"}
2025-06-14T16:17:27: {"address":"0.0.0.0","code":"EADDRINUSE","errno":-98,"level":"error","message":"Uncaught Exception: listen EADDRINUSE: address already in use 0.0.0.0:3001","port":3001,"service":"aegisum-api","stack":"Error: listen EADDRINUSE: address already in use 0.0.0.0:3001\n    at Server.setupListenHandle [as _listen2] (node:net:1908:16)\n    at listenInCluster (node:net:1965:12)\n    at doListen (node:net:2139:7)\n    at process.processTicksAndRejections (node:internal/process/task_queues:83:21)","syscall":"listen","timestamp":"2025-06-14 16:17:27"}
2025-06-14T16:17:27: {"level":"info","message":"Received UNCAUGHT_EXCEPTION. Starting graceful shutdown...","service":"aegisum-api","timestamp":"2025-06-14 16:17:27"}
2025-06-14T16:17:27: {"level":"info","message":"HTTP server closed","service":"aegisum-api","timestamp":"2025-06-14 16:17:27"}
2025-06-14T16:17:27: {"level":"info","message":"Database connection closed","service":"aegisum-api","timestamp":"2025-06-14 16:17:27"}
2025-06-14T16:17:27: {"level":"info","message":"Database connections closed","service":"aegisum-api","timestamp":"2025-06-14 16:17:27"}
2025-06-14T16:17:27: {"level":"warn","message":"Redis client connection closed","service":"aegisum-api","timestamp":"2025-06-14 16:17:27"}
2025-06-14T16:17:27: {"level":"info","message":"Redis connections closed","service":"aegisum-api","timestamp":"2025-06-14 16:17:27"}
2025-06-14T16:17:27: {"level":"info","message":"Redis connections closed","service":"aegisum-api","timestamp":"2025-06-14 16:17:27"}
2025-06-14T16:17:27: {"level":"error","message":"Failed to save active miners: Database not connected","service":"aegisum-api","stack":"Error: Database not connected\n    at DatabaseService.query (/home/daimond/AEGT/backend/src/services/database.js:48:13)\n    at MiningService.saveActiveMiners (/home/daimond/AEGT/backend/src/services/mining.js:98:29)\n    at MiningService.stop (/home/daimond/AEGT/backend/src/services/mining.js:64:16)\n    at /home/daimond/AEGT/backend/src/server.js:119:27\n    at process.processTicksAndRejections (node:internal/process/task_queues:95:5)","timestamp":"2025-06-14 16:17:27"}
2025-06-14T16:17:27: {"level":"info","message":"Mining service stopped","service":"aegisum-api","timestamp":"2025-06-14 16:17:27"}
2025-06-14T16:17:27: {"level":"info","message":"Mining service stopped","service":"aegisum-api","timestamp":"2025-06-14 16:17:27"}
2025-06-14T16:17:27: {"level":"info","message":"Graceful shutdown completed","service":"aegisum-api","timestamp":"2025-06-14 16:17:27"}
2025-06-14T16:17:29: {"level":"info","message":"Telegram bot initialized successfully","service":"aegisum-api","timestamp":"2025-06-14 16:17:29"}
2025-06-14T16:17:29: {"level":"info","message":"Database connection established","service":"aegisum-api","timestamp":"2025-06-14 16:17:29"}
2025-06-14T16:17:29: {"level":"info","message":"Database initialized","service":"aegisum-api","timestamp":"2025-06-14 16:17:29"}
2025-06-14T16:17:29: {"level":"info","message":"Redis connections established","service":"aegisum-api","timestamp":"2025-06-14 16:17:29"}
2025-06-14T16:17:29: {"level":"info","message":"Redis initialized","service":"aegisum-api","timestamp":"2025-06-14 16:17:29"}
2025-06-14T16:17:29: {"level":"info","message":"Loaded 0 active miners","service":"aegisum-api","timestamp":"2025-06-14 16:17:29"}
2025-06-14T16:17:29: {"level":"info","message":"Mining service initialized","service":"aegisum-api","timestamp":"2025-06-14 16:17:29"}
2025-06-14T16:17:29: {"level":"info","message":"Mining service initialized","service":"aegisum-api","timestamp":"2025-06-14 16:17:29"}
2025-06-14T16:17:29: {"address":"0.0.0.0","code":"EADDRINUSE","errno":-98,"level":"error","message":"Uncaught Exception: listen EADDRINUSE: address already in use 0.0.0.0:3001","port":3001,"service":"aegisum-api","stack":"Error: listen EADDRINUSE: address already in use 0.0.0.0:3001\n    at Server.setupListenHandle [as _listen2] (node:net:1908:16)\n    at listenInCluster (node:net:1965:12)\n    at doListen (node:net:2139:7)\n    at process.processTicksAndRejections (node:internal/process/task_queues:83:21)","syscall":"listen","timestamp":"2025-06-14 16:17:29"}
2025-06-14T16:17:29: {"level":"info","message":"Received UNCAUGHT_EXCEPTION. Starting graceful shutdown...","service":"aegisum-api","timestamp":"2025-06-14 16:17:29"}
2025-06-14T16:17:29: {"level":"info","message":"HTTP server closed","service":"aegisum-api","timestamp":"2025-06-14 16:17:29"}
2025-06-14T16:17:29: {"level":"info","message":"Database connection closed","service":"aegisum-api","timestamp":"2025-06-14 16:17:29"}
2025-06-14T16:17:29: {"level":"info","message":"Database connections closed","service":"aegisum-api","timestamp":"2025-06-14 16:17:29"}
2025-06-14T16:17:29: {"level":"warn","message":"Redis client connection closed","service":"aegisum-api","timestamp":"2025-06-14 16:17:29"}
2025-06-14T16:17:29: {"level":"info","message":"Redis connections closed","service":"aegisum-api","timestamp":"2025-06-14 16:17:29"}
2025-06-14T16:17:29: {"level":"info","message":"Redis connections closed","service":"aegisum-api","timestamp":"2025-06-14 16:17:29"}
2025-06-14T16:17:29: {"level":"error","message":"Failed to save active miners: Database not connected","service":"aegisum-api","stack":"Error: Database not connected\n    at DatabaseService.query (/home/daimond/AEGT/backend/src/services/database.js:48:13)\n    at MiningService.saveActiveMiners (/home/daimond/AEGT/backend/src/services/mining.js:98:29)\n    at MiningService.stop (/home/daimond/AEGT/backend/src/services/mining.js:64:16)\n    at /home/daimond/AEGT/backend/src/server.js:119:27\n    at process.processTicksAndRejections (node:internal/process/task_queues:95:5)","timestamp":"2025-06-14 16:17:29"}
2025-06-14T16:17:29: {"level":"info","message":"Mining service stopped","service":"aegisum-api","timestamp":"2025-06-14 16:17:29"}
2025-06-14T16:17:29: {"level":"info","message":"Mining service stopped","service":"aegisum-api","timestamp":"2025-06-14 16:17:29"}
2025-06-14T16:17:29: {"level":"info","message":"Graceful shutdown completed","service":"aegisum-api","timestamp":"2025-06-14 16:17:29"}
2025-06-14T16:17:31: {"level":"info","message":"Telegram bot initialized successfully","service":"aegisum-api","timestamp":"2025-06-14 16:17:31"}
2025-06-14T16:17:31: {"level":"info","message":"Database connection established","service":"aegisum-api","timestamp":"2025-06-14 16:17:31"}
2025-06-14T16:17:31: {"level":"info","message":"Database initialized","service":"aegisum-api","timestamp":"2025-06-14 16:17:31"}
2025-06-14T16:17:31: {"level":"info","message":"Redis connections established","service":"aegisum-api","timestamp":"2025-06-14 16:17:31"}
2025-06-14T16:17:31: {"level":"info","message":"Redis initialized","service":"aegisum-api","timestamp":"2025-06-14 16:17:31"}
2025-06-14T16:17:31: {"level":"info","message":"Loaded 0 active miners","service":"aegisum-api","timestamp":"2025-06-14 16:17:31"}
2025-06-14T16:17:31: {"level":"info","message":"Mining service initialized","service":"aegisum-api","timestamp":"2025-06-14 16:17:31"}
2025-06-14T16:17:31: {"level":"info","message":"Mining service initialized","service":"aegisum-api","timestamp":"2025-06-14 16:17:31"}
2025-06-14T16:17:31: {"address":"0.0.0.0","code":"EADDRINUSE","errno":-98,"level":"error","message":"Uncaught Exception: listen EADDRINUSE: address already in use 0.0.0.0:3001","port":3001,"service":"aegisum-api","stack":"Error: listen EADDRINUSE: address already in use 0.0.0.0:3001\n    at Server.setupListenHandle [as _listen2] (node:net:1908:16)\n    at listenInCluster (node:net:1965:12)\n    at doListen (node:net:2139:7)\n    at process.processTicksAndRejections (node:internal/process/task_queues:83:21)","syscall":"listen","timestamp":"2025-06-14 16:17:31"}
2025-06-14T16:17:31: {"level":"info","message":"Received UNCAUGHT_EXCEPTION. Starting graceful shutdown...","service":"aegisum-api","timestamp":"2025-06-14 16:17:31"}
2025-06-14T16:17:31: {"level":"info","message":"HTTP server closed","service":"aegisum-api","timestamp":"2025-06-14 16:17:31"}
2025-06-14T16:17:31: {"level":"info","message":"Database connection closed","service":"aegisum-api","timestamp":"2025-06-14 16:17:31"}
2025-06-14T16:17:31: {"level":"info","message":"Database connections closed","service":"aegisum-api","timestamp":"2025-06-14 16:17:31"}
2025-06-14T16:17:31: {"level":"warn","message":"Redis client connection closed","service":"aegisum-api","timestamp":"2025-06-14 16:17:31"}
2025-06-14T16:17:31: {"level":"info","message":"Redis connections closed","service":"aegisum-api","timestamp":"2025-06-14 16:17:31"}
2025-06-14T16:17:31: {"level":"info","message":"Redis connections closed","service":"aegisum-api","timestamp":"2025-06-14 16:17:31"}
2025-06-14T16:17:31: {"level":"error","message":"Failed to save active miners: Database not connected","service":"aegisum-api","stack":"Error: Database not connected\n    at DatabaseService.query (/home/daimond/AEGT/backend/src/services/database.js:48:13)\n    at MiningService.saveActiveMiners (/home/daimond/AEGT/backend/src/services/mining.js:98:29)\n    at MiningService.stop (/home/daimond/AEGT/backend/src/services/mining.js:64:16)\n    at /home/daimond/AEGT/backend/src/server.js:119:27\n    at process.processTicksAndRejections (node:internal/process/task_queues:95:5)","timestamp":"2025-06-14 16:17:31"}
2025-06-14T16:17:31: {"level":"info","message":"Mining service stopped","service":"aegisum-api","timestamp":"2025-06-14 16:17:31"}
2025-06-14T16:17:31: {"level":"info","message":"Mining service stopped","service":"aegisum-api","timestamp":"2025-06-14 16:17:31"}
2025-06-14T16:17:31: {"level":"info","message":"Graceful shutdown completed","service":"aegisum-api","timestamp":"2025-06-14 16:17:31"}
2025-06-14T16:17:34: {"level":"info","message":"Telegram bot initialized successfully","service":"aegisum-api","timestamp":"2025-06-14 16:17:34"}
2025-06-14T16:17:34: {"level":"info","message":"Database connection established","service":"aegisum-api","timestamp":"2025-06-14 16:17:34"}
2025-06-14T16:17:34: {"level":"info","message":"Database initialized","service":"aegisum-api","timestamp":"2025-06-14 16:17:34"}
2025-06-14T16:17:34: {"level":"info","message":"Redis connections established","service":"aegisum-api","timestamp":"2025-06-14 16:17:34"}
2025-06-14T16:17:34: {"level":"info","message":"Redis initialized","service":"aegisum-api","timestamp":"2025-06-14 16:17:34"}
2025-06-14T16:17:34: {"level":"info","message":"Loaded 0 active miners","service":"aegisum-api","timestamp":"2025-06-14 16:17:34"}
2025-06-14T16:17:34: {"level":"info","message":"Mining service initialized","service":"aegisum-api","timestamp":"2025-06-14 16:17:34"}
2025-06-14T16:17:34: {"level":"info","message":"Mining service initialized","service":"aegisum-api","timestamp":"2025-06-14 16:17:34"}
2025-06-14T16:17:34: {"address":"0.0.0.0","code":"EADDRINUSE","errno":-98,"level":"error","message":"Uncaught Exception: listen EADDRINUSE: address already in use 0.0.0.0:3001","port":3001,"service":"aegisum-api","stack":"Error: listen EADDRINUSE: address already in use 0.0.0.0:3001\n    at Server.setupListenHandle [as _listen2] (node:net:1908:16)\n    at listenInCluster (node:net:1965:12)\n    at doListen (node:net:2139:7)\n    at process.processTicksAndRejections (node:internal/process/task_queues:83:21)","syscall":"listen","timestamp":"2025-06-14 16:17:34"}
2025-06-14T16:17:34: {"level":"info","message":"Received UNCAUGHT_EXCEPTION. Starting graceful shutdown...","service":"aegisum-api","timestamp":"2025-06-14 16:17:34"}
2025-06-14T16:17:34: {"level":"info","message":"HTTP server closed","service":"aegisum-api","timestamp":"2025-06-14 16:17:34"}
2025-06-14T16:17:34: {"level":"info","message":"Database connection closed","service":"aegisum-api","timestamp":"2025-06-14 16:17:34"}
2025-06-14T16:17:34: {"level":"info","message":"Database connections closed","service":"aegisum-api","timestamp":"2025-06-14 16:17:34"}
2025-06-14T16:17:34: {"level":"warn","message":"Redis client connection closed","service":"aegisum-api","timestamp":"2025-06-14 16:17:34"}
2025-06-14T16:17:34: {"level":"info","message":"Redis connections closed","service":"aegisum-api","timestamp":"2025-06-14 16:17:34"}
2025-06-14T16:17:34: {"level":"info","message":"Redis connections closed","service":"aegisum-api","timestamp":"2025-06-14 16:17:34"}
2025-06-14T16:17:34: {"level":"error","message":"Failed to save active miners: Database not connected","service":"aegisum-api","stack":"Error: Database not connected\n    at DatabaseService.query (/home/daimond/AEGT/backend/src/services/database.js:48:13)\n    at MiningService.saveActiveMiners (/home/daimond/AEGT/backend/src/services/mining.js:98:29)\n    at MiningService.stop (/home/daimond/AEGT/backend/src/services/mining.js:64:16)\n    at /home/daimond/AEGT/backend/src/server.js:119:27\n    at process.processTicksAndRejections (node:internal/process/task_queues:95:5)","timestamp":"2025-06-14 16:17:34"}
2025-06-14T16:17:34: {"level":"info","message":"Mining service stopped","service":"aegisum-api","timestamp":"2025-06-14 16:17:34"}
2025-06-14T16:17:34: {"level":"info","message":"Mining service stopped","service":"aegisum-api","timestamp":"2025-06-14 16:17:34"}
2025-06-14T16:17:34: {"level":"info","message":"Graceful shutdown completed","service":"aegisum-api","timestamp":"2025-06-14 16:17:34"}
2025-06-14T16:17:36: {"level":"info","message":"Telegram bot initialized successfully","service":"aegisum-api","timestamp":"2025-06-14 16:17:36"}
2025-06-14T16:17:36: {"level":"info","message":"Database connection established","service":"aegisum-api","timestamp":"2025-06-14 16:17:36"}
2025-06-14T16:17:36: {"level":"info","message":"Database initialized","service":"aegisum-api","timestamp":"2025-06-14 16:17:36"}
2025-06-14T16:17:36: {"level":"info","message":"Redis connections established","service":"aegisum-api","timestamp":"2025-06-14 16:17:36"}
2025-06-14T16:17:36: {"level":"info","message":"Redis initialized","service":"aegisum-api","timestamp":"2025-06-14 16:17:36"}
2025-06-14T16:17:36: {"level":"info","message":"Loaded 0 active miners","service":"aegisum-api","timestamp":"2025-06-14 16:17:36"}
2025-06-14T16:17:36: {"level":"info","message":"Mining service initialized","service":"aegisum-api","timestamp":"2025-06-14 16:17:36"}
2025-06-14T16:17:36: {"level":"info","message":"Mining service initialized","service":"aegisum-api","timestamp":"2025-06-14 16:17:36"}
2025-06-14T16:17:36: {"address":"0.0.0.0","code":"EADDRINUSE","errno":-98,"level":"error","message":"Uncaught Exception: listen EADDRINUSE: address already in use 0.0.0.0:3001","port":3001,"service":"aegisum-api","stack":"Error: listen EADDRINUSE: address already in use 0.0.0.0:3001\n    at Server.setupListenHandle [as _listen2] (node:net:1908:16)\n    at listenInCluster (node:net:1965:12)\n    at doListen (node:net:2139:7)\n    at process.processTicksAndRejections (node:internal/process/task_queues:83:21)","syscall":"listen","timestamp":"2025-06-14 16:17:36"}
2025-06-14T16:17:36: {"level":"info","message":"Received UNCAUGHT_EXCEPTION. Starting graceful shutdown...","service":"aegisum-api","timestamp":"2025-06-14 16:17:36"}
2025-06-14T16:17:36: {"level":"info","message":"HTTP server closed","service":"aegisum-api","timestamp":"2025-06-14 16:17:36"}
2025-06-14T16:17:36: {"level":"info","message":"Database connection closed","service":"aegisum-api","timestamp":"2025-06-14 16:17:36"}
2025-06-14T16:17:36: {"level":"info","message":"Database connections closed","service":"aegisum-api","timestamp":"2025-06-14 16:17:36"}
2025-06-14T16:17:36: {"level":"warn","message":"Redis client connection closed","service":"aegisum-api","timestamp":"2025-06-14 16:17:36"}
2025-06-14T16:17:36: {"level":"info","message":"Redis connections closed","service":"aegisum-api","timestamp":"2025-06-14 16:17:36"}
2025-06-14T16:17:36: {"level":"info","message":"Redis connections closed","service":"aegisum-api","timestamp":"2025-06-14 16:17:36"}
2025-06-14T16:17:36: {"level":"error","message":"Failed to save active miners: Database not connected","service":"aegisum-api","stack":"Error: Database not connected\n    at DatabaseService.query (/home/daimond/AEGT/backend/src/services/database.js:48:13)\n    at MiningService.saveActiveMiners (/home/daimond/AEGT/backend/src/services/mining.js:98:29)\n    at MiningService.stop (/home/daimond/AEGT/backend/src/services/mining.js:64:16)\n    at /home/daimond/AEGT/backend/src/server.js:119:27\n    at process.processTicksAndRejections (node:internal/process/task_queues:95:5)","timestamp":"2025-06-14 16:17:36"}
2025-06-14T16:17:36: {"level":"info","message":"Mining service stopped","service":"aegisum-api","timestamp":"2025-06-14 16:17:36"}
2025-06-14T16:17:36: {"level":"info","message":"Mining service stopped","service":"aegisum-api","timestamp":"2025-06-14 16:17:36"}
2025-06-14T16:17:36: {"level":"info","message":"Graceful shutdown completed","service":"aegisum-api","timestamp":"2025-06-14 16:17:36"}
2025-06-14T16:17:38: {"level":"info","message":"Telegram bot initialized successfully","service":"aegisum-api","timestamp":"2025-06-14 16:17:38"}
2025-06-14T16:17:38: {"level":"info","message":"Database connection established","service":"aegisum-api","timestamp":"2025-06-14 16:17:38"}
2025-06-14T16:17:38: {"level":"info","message":"Database initialized","service":"aegisum-api","timestamp":"2025-06-14 16:17:38"}
2025-06-14T16:17:38: {"level":"info","message":"Redis connections established","service":"aegisum-api","timestamp":"2025-06-14 16:17:38"}
2025-06-14T16:17:38: {"level":"info","message":"Redis initialized","service":"aegisum-api","timestamp":"2025-06-14 16:17:38"}
2025-06-14T16:17:38: {"level":"info","message":"Loaded 0 active miners","service":"aegisum-api","timestamp":"2025-06-14 16:17:38"}
2025-06-14T16:17:38: {"level":"info","message":"Mining service initialized","service":"aegisum-api","timestamp":"2025-06-14 16:17:38"}
2025-06-14T16:17:38: {"level":"info","message":"Mining service initialized","service":"aegisum-api","timestamp":"2025-06-14 16:17:38"}
2025-06-14T16:17:38: {"address":"0.0.0.0","code":"EADDRINUSE","errno":-98,"level":"error","message":"Uncaught Exception: listen EADDRINUSE: address already in use 0.0.0.0:3001","port":3001,"service":"aegisum-api","stack":"Error: listen EADDRINUSE: address already in use 0.0.0.0:3001\n    at Server.setupListenHandle [as _listen2] (node:net:1908:16)\n    at listenInCluster (node:net:1965:12)\n    at doListen (node:net:2139:7)\n    at process.processTicksAndRejections (node:internal/process/task_queues:83:21)","syscall":"listen","timestamp":"2025-06-14 16:17:38"}
2025-06-14T16:17:38: {"level":"info","message":"Received UNCAUGHT_EXCEPTION. Starting graceful shutdown...","service":"aegisum-api","timestamp":"2025-06-14 16:17:38"}
2025-06-14T16:17:38: {"level":"info","message":"HTTP server closed","service":"aegisum-api","timestamp":"2025-06-14 16:17:38"}
2025-06-14T16:17:38: {"level":"info","message":"Database connection closed","service":"aegisum-api","timestamp":"2025-06-14 16:17:38"}
2025-06-14T16:17:38: {"level":"info","message":"Database connections closed","service":"aegisum-api","timestamp":"2025-06-14 16:17:38"}
2025-06-14T16:17:38: {"level":"warn","message":"Redis client connection closed","service":"aegisum-api","timestamp":"2025-06-14 16:17:38"}
2025-06-14T16:17:38: {"level":"info","message":"Redis connections closed","service":"aegisum-api","timestamp":"2025-06-14 16:17:38"}
2025-06-14T16:17:38: {"level":"info","message":"Redis connections closed","service":"aegisum-api","timestamp":"2025-06-14 16:17:38"}
2025-06-14T16:17:38: {"level":"error","message":"Failed to save active miners: Database not connected","service":"aegisum-api","stack":"Error: Database not connected\n    at DatabaseService.query (/home/daimond/AEGT/backend/src/services/database.js:48:13)\n    at MiningService.saveActiveMiners (/home/daimond/AEGT/backend/src/services/mining.js:98:29)\n    at MiningService.stop (/home/daimond/AEGT/backend/src/services/mining.js:64:16)\n    at /home/daimond/AEGT/backend/src/server.js:119:27\n    at process.processTicksAndRejections (node:internal/process/task_queues:95:5)","timestamp":"2025-06-14 16:17:38"}
2025-06-14T16:17:38: {"level":"info","message":"Mining service stopped","service":"aegisum-api","timestamp":"2025-06-14 16:17:38"}
2025-06-14T16:17:38: {"level":"info","message":"Mining service stopped","service":"aegisum-api","timestamp":"2025-06-14 16:17:38"}
2025-06-14T16:17:38: {"level":"info","message":"Graceful shutdown completed","service":"aegisum-api","timestamp":"2025-06-14 16:17:38"}
2025-06-14T16:17:40: {"level":"info","message":"Telegram bot initialized successfully","service":"aegisum-api","timestamp":"2025-06-14 16:17:40"}
2025-06-14T16:17:40: {"level":"info","message":"Database connection established","service":"aegisum-api","timestamp":"2025-06-14 16:17:40"}
2025-06-14T16:17:40: {"level":"info","message":"Database initialized","service":"aegisum-api","timestamp":"2025-06-14 16:17:40"}
2025-06-14T16:17:40: {"level":"info","message":"Redis connections established","service":"aegisum-api","timestamp":"2025-06-14 16:17:40"}
2025-06-14T16:17:40: {"level":"info","message":"Redis initialized","service":"aegisum-api","timestamp":"2025-06-14 16:17:40"}
2025-06-14T16:17:40: {"level":"info","message":"Loaded 0 active miners","service":"aegisum-api","timestamp":"2025-06-14 16:17:40"}
2025-06-14T16:17:40: {"level":"info","message":"Mining service initialized","service":"aegisum-api","timestamp":"2025-06-14 16:17:40"}
2025-06-14T16:17:40: {"level":"info","message":"Mining service initialized","service":"aegisum-api","timestamp":"2025-06-14 16:17:40"}
2025-06-14T16:17:40: {"address":"0.0.0.0","code":"EADDRINUSE","errno":-98,"level":"error","message":"Uncaught Exception: listen EADDRINUSE: address already in use 0.0.0.0:3001","port":3001,"service":"aegisum-api","stack":"Error: listen EADDRINUSE: address already in use 0.0.0.0:3001\n    at Server.setupListenHandle [as _listen2] (node:net:1908:16)\n    at listenInCluster (node:net:1965:12)\n    at doListen (node:net:2139:7)\n    at process.processTicksAndRejections (node:internal/process/task_queues:83:21)","syscall":"listen","timestamp":"2025-06-14 16:17:40"}
2025-06-14T16:17:40: {"level":"info","message":"Received UNCAUGHT_EXCEPTION. Starting graceful shutdown...","service":"aegisum-api","timestamp":"2025-06-14 16:17:40"}
2025-06-14T16:17:40: {"level":"info","message":"HTTP server closed","service":"aegisum-api","timestamp":"2025-06-14 16:17:40"}
2025-06-14T16:17:40: {"level":"info","message":"Database connection closed","service":"aegisum-api","timestamp":"2025-06-14 16:17:40"}
2025-06-14T16:17:40: {"level":"info","message":"Database connections closed","service":"aegisum-api","timestamp":"2025-06-14 16:17:40"}
2025-06-14T16:17:40: {"level":"warn","message":"Redis client connection closed","service":"aegisum-api","timestamp":"2025-06-14 16:17:40"}
2025-06-14T16:17:40: {"level":"info","message":"Redis connections closed","service":"aegisum-api","timestamp":"2025-06-14 16:17:40"}
2025-06-14T16:17:40: {"level":"info","message":"Redis connections closed","service":"aegisum-api","timestamp":"2025-06-14 16:17:40"}
2025-06-14T16:17:40: {"level":"error","message":"Failed to save active miners: Database not connected","service":"aegisum-api","stack":"Error: Database not connected\n    at DatabaseService.query (/home/daimond/AEGT/backend/src/services/database.js:48:13)\n    at MiningService.saveActiveMiners (/home/daimond/AEGT/backend/src/services/mining.js:98:29)\n    at MiningService.stop (/home/daimond/AEGT/backend/src/services/mining.js:64:16)\n    at /home/daimond/AEGT/backend/src/server.js:119:27\n    at process.processTicksAndRejections (node:internal/process/task_queues:95:5)","timestamp":"2025-06-14 16:17:40"}
2025-06-14T16:17:40: {"level":"info","message":"Mining service stopped","service":"aegisum-api","timestamp":"2025-06-14 16:17:40"}
2025-06-14T16:17:40: {"level":"info","message":"Mining service stopped","service":"aegisum-api","timestamp":"2025-06-14 16:17:40"}
2025-06-14T16:17:40: {"level":"info","message":"Graceful shutdown completed","service":"aegisum-api","timestamp":"2025-06-14 16:17:40"}
2025-06-14T16:17:43: {"level":"info","message":"Telegram bot initialized successfully","service":"aegisum-api","timestamp":"2025-06-14 16:17:43"}
2025-06-14T16:17:43: {"level":"info","message":"Database connection established","service":"aegisum-api","timestamp":"2025-06-14 16:17:43"}
2025-06-14T16:17:43: {"level":"info","message":"Database initialized","service":"aegisum-api","timestamp":"2025-06-14 16:17:43"}
2025-06-14T16:17:43: {"level":"info","message":"Redis connections established","service":"aegisum-api","timestamp":"2025-06-14 16:17:43"}
2025-06-14T16:17:43: {"level":"info","message":"Redis initialized","service":"aegisum-api","timestamp":"2025-06-14 16:17:43"}
2025-06-14T16:17:43: {"level":"info","message":"Loaded 0 active miners","service":"aegisum-api","timestamp":"2025-06-14 16:17:43"}
2025-06-14T16:17:43: {"level":"info","message":"Mining service initialized","service":"aegisum-api","timestamp":"2025-06-14 16:17:43"}
2025-06-14T16:17:43: {"level":"info","message":"Mining service initialized","service":"aegisum-api","timestamp":"2025-06-14 16:17:43"}
2025-06-14T16:17:43: {"address":"0.0.0.0","code":"EADDRINUSE","errno":-98,"level":"error","message":"Uncaught Exception: listen EADDRINUSE: address already in use 0.0.0.0:3001","port":3001,"service":"aegisum-api","stack":"Error: listen EADDRINUSE: address already in use 0.0.0.0:3001\n    at Server.setupListenHandle [as _listen2] (node:net:1908:16)\n    at listenInCluster (node:net:1965:12)\n    at doListen (node:net:2139:7)\n    at process.processTicksAndRejections (node:internal/process/task_queues:83:21)","syscall":"listen","timestamp":"2025-06-14 16:17:43"}
2025-06-14T16:17:43: {"level":"info","message":"Received UNCAUGHT_EXCEPTION. Starting graceful shutdown...","service":"aegisum-api","timestamp":"2025-06-14 16:17:43"}
2025-06-14T16:17:43: {"level":"info","message":"HTTP server closed","service":"aegisum-api","timestamp":"2025-06-14 16:17:43"}
2025-06-14T16:17:43: {"level":"info","message":"Database connection closed","service":"aegisum-api","timestamp":"2025-06-14 16:17:43"}
2025-06-14T16:17:43: {"level":"info","message":"Database connections closed","service":"aegisum-api","timestamp":"2025-06-14 16:17:43"}
2025-06-14T16:17:43: {"level":"warn","message":"Redis client connection closed","service":"aegisum-api","timestamp":"2025-06-14 16:17:43"}
2025-06-14T16:17:43: {"level":"info","message":"Redis connections closed","service":"aegisum-api","timestamp":"2025-06-14 16:17:43"}
2025-06-14T16:17:43: {"level":"info","message":"Redis connections closed","service":"aegisum-api","timestamp":"2025-06-14 16:17:43"}
2025-06-14T16:17:43: {"level":"error","message":"Failed to save active miners: Database not connected","service":"aegisum-api","stack":"Error: Database not connected\n    at DatabaseService.query (/home/daimond/AEGT/backend/src/services/database.js:48:13)\n    at MiningService.saveActiveMiners (/home/daimond/AEGT/backend/src/services/mining.js:98:29)\n    at MiningService.stop (/home/daimond/AEGT/backend/src/services/mining.js:64:16)\n    at /home/daimond/AEGT/backend/src/server.js:119:27\n    at process.processTicksAndRejections (node:internal/process/task_queues:95:5)","timestamp":"2025-06-14 16:17:43"}
2025-06-14T16:17:43: {"level":"info","message":"Mining service stopped","service":"aegisum-api","timestamp":"2025-06-14 16:17:43"}
2025-06-14T16:17:43: {"level":"info","message":"Mining service stopped","service":"aegisum-api","timestamp":"2025-06-14 16:17:43"}
2025-06-14T16:17:43: {"level":"info","message":"Graceful shutdown completed","service":"aegisum-api","timestamp":"2025-06-14 16:17:43"}
2025-06-14T16:17:45: {"level":"info","message":"Telegram bot initialized successfully","service":"aegisum-api","timestamp":"2025-06-14 16:17:45"}
2025-06-14T16:17:45: {"level":"info","message":"Database connection established","service":"aegisum-api","timestamp":"2025-06-14 16:17:45"}
2025-06-14T16:17:45: {"level":"info","message":"Database initialized","service":"aegisum-api","timestamp":"2025-06-14 16:17:45"}
2025-06-14T16:17:45: {"level":"info","message":"Redis connections established","service":"aegisum-api","timestamp":"2025-06-14 16:17:45"}
2025-06-14T16:17:45: {"level":"info","message":"Redis initialized","service":"aegisum-api","timestamp":"2025-06-14 16:17:45"}
2025-06-14T16:17:45: {"level":"info","message":"Loaded 0 active miners","service":"aegisum-api","timestamp":"2025-06-14 16:17:45"}
2025-06-14T16:17:45: {"level":"info","message":"Mining service initialized","service":"aegisum-api","timestamp":"2025-06-14 16:17:45"}
2025-06-14T16:17:45: {"level":"info","message":"Mining service initialized","service":"aegisum-api","timestamp":"2025-06-14 16:17:45"}
2025-06-14T16:17:45: {"address":"0.0.0.0","code":"EADDRINUSE","errno":-98,"level":"error","message":"Uncaught Exception: listen EADDRINUSE: address already in use 0.0.0.0:3001","port":3001,"service":"aegisum-api","stack":"Error: listen EADDRINUSE: address already in use 0.0.0.0:3001\n    at Server.setupListenHandle [as _listen2] (node:net:1908:16)\n    at listenInCluster (node:net:1965:12)\n    at doListen (node:net:2139:7)\n    at process.processTicksAndRejections (node:internal/process/task_queues:83:21)","syscall":"listen","timestamp":"2025-06-14 16:17:45"}
2025-06-14T16:17:45: {"level":"info","message":"Received UNCAUGHT_EXCEPTION. Starting graceful shutdown...","service":"aegisum-api","timestamp":"2025-06-14 16:17:45"}
2025-06-14T16:17:45: {"level":"info","message":"HTTP server closed","service":"aegisum-api","timestamp":"2025-06-14 16:17:45"}
2025-06-14T16:17:45: {"level":"info","message":"Database connection closed","service":"aegisum-api","timestamp":"2025-06-14 16:17:45"}
2025-06-14T16:17:45: {"level":"info","message":"Database connections closed","service":"aegisum-api","timestamp":"2025-06-14 16:17:45"}
2025-06-14T16:17:45: {"level":"warn","message":"Redis client connection closed","service":"aegisum-api","timestamp":"2025-06-14 16:17:45"}
2025-06-14T16:17:45: {"level":"info","message":"Redis connections closed","service":"aegisum-api","timestamp":"2025-06-14 16:17:45"}
2025-06-14T16:17:45: {"level":"info","message":"Redis connections closed","service":"aegisum-api","timestamp":"2025-06-14 16:17:45"}
2025-06-14T16:17:45: {"level":"error","message":"Failed to save active miners: Database not connected","service":"aegisum-api","stack":"Error: Database not connected\n    at DatabaseService.query (/home/daimond/AEGT/backend/src/services/database.js:48:13)\n    at MiningService.saveActiveMiners (/home/daimond/AEGT/backend/src/services/mining.js:98:29)\n    at MiningService.stop (/home/daimond/AEGT/backend/src/services/mining.js:64:16)\n    at /home/daimond/AEGT/backend/src/server.js:119:27\n    at process.processTicksAndRejections (node:internal/process/task_queues:95:5)","timestamp":"2025-06-14 16:17:45"}
2025-06-14T16:17:45: {"level":"info","message":"Mining service stopped","service":"aegisum-api","timestamp":"2025-06-14 16:17:45"}
2025-06-14T16:17:45: {"level":"info","message":"Mining service stopped","service":"aegisum-api","timestamp":"2025-06-14 16:17:45"}
2025-06-14T16:17:45: {"level":"info","message":"Graceful shutdown completed","service":"aegisum-api","timestamp":"2025-06-14 16:17:45"}
2025-06-14T16:17:47: {"level":"info","message":"Telegram bot initialized successfully","service":"aegisum-api","timestamp":"2025-06-14 16:17:47"}
2025-06-14T16:17:47: {"level":"info","message":"Database connection established","service":"aegisum-api","timestamp":"2025-06-14 16:17:47"}
2025-06-14T16:17:47: {"level":"info","message":"Database initialized","service":"aegisum-api","timestamp":"2025-06-14 16:17:47"}
2025-06-14T16:17:47: {"level":"info","message":"Redis connections established","service":"aegisum-api","timestamp":"2025-06-14 16:17:47"}
2025-06-14T16:17:47: {"level":"info","message":"Redis initialized","service":"aegisum-api","timestamp":"2025-06-14 16:17:47"}
2025-06-14T16:17:47: {"level":"info","message":"Loaded 0 active miners","service":"aegisum-api","timestamp":"2025-06-14 16:17:47"}
2025-06-14T16:17:47: {"level":"info","message":"Mining service initialized","service":"aegisum-api","timestamp":"2025-06-14 16:17:47"}
2025-06-14T16:17:47: {"level":"info","message":"Mining service initialized","service":"aegisum-api","timestamp":"2025-06-14 16:17:47"}
2025-06-14T16:17:47: {"address":"0.0.0.0","code":"EADDRINUSE","errno":-98,"level":"error","message":"Uncaught Exception: listen EADDRINUSE: address already in use 0.0.0.0:3001","port":3001,"service":"aegisum-api","stack":"Error: listen EADDRINUSE: address already in use 0.0.0.0:3001\n    at Server.setupListenHandle [as _listen2] (node:net:1908:16)\n    at listenInCluster (node:net:1965:12)\n    at doListen (node:net:2139:7)\n    at process.processTicksAndRejections (node:internal/process/task_queues:83:21)","syscall":"listen","timestamp":"2025-06-14 16:17:47"}
2025-06-14T16:17:47: {"level":"info","message":"Received UNCAUGHT_EXCEPTION. Starting graceful shutdown...","service":"aegisum-api","timestamp":"2025-06-14 16:17:47"}
2025-06-14T16:17:47: {"level":"info","message":"HTTP server closed","service":"aegisum-api","timestamp":"2025-06-14 16:17:47"}
2025-06-14T16:17:47: {"level":"info","message":"Database connection closed","service":"aegisum-api","timestamp":"2025-06-14 16:17:47"}
2025-06-14T16:17:47: {"level":"info","message":"Database connections closed","service":"aegisum-api","timestamp":"2025-06-14 16:17:47"}
2025-06-14T16:17:47: {"level":"warn","message":"Redis client connection closed","service":"aegisum-api","timestamp":"2025-06-14 16:17:47"}
2025-06-14T16:17:47: {"level":"info","message":"Redis connections closed","service":"aegisum-api","timestamp":"2025-06-14 16:17:47"}
2025-06-14T16:17:47: {"level":"info","message":"Redis connections closed","service":"aegisum-api","timestamp":"2025-06-14 16:17:47"}
2025-06-14T16:17:47: {"level":"error","message":"Failed to save active miners: Database not connected","service":"aegisum-api","stack":"Error: Database not connected\n    at DatabaseService.query (/home/daimond/AEGT/backend/src/services/database.js:48:13)\n    at MiningService.saveActiveMiners (/home/daimond/AEGT/backend/src/services/mining.js:98:29)\n    at MiningService.stop (/home/daimond/AEGT/backend/src/services/mining.js:64:16)\n    at /home/daimond/AEGT/backend/src/server.js:119:27\n    at process.processTicksAndRejections (node:internal/process/task_queues:95:5)","timestamp":"2025-06-14 16:17:47"}
2025-06-14T16:17:47: {"level":"info","message":"Mining service stopped","service":"aegisum-api","timestamp":"2025-06-14 16:17:47"}
2025-06-14T16:17:47: {"level":"info","message":"Mining service stopped","service":"aegisum-api","timestamp":"2025-06-14 16:17:47"}
2025-06-14T16:17:47: {"level":"info","message":"Graceful shutdown completed","service":"aegisum-api","timestamp":"2025-06-14 16:17:47"}
